<?xml version="1.0" encoding="UTF-8"?>
<!-- Generated by org.testng.reporters.JUnitXMLReporter -->
<testsuite ignored="0" hostname="LAPTOP-2G0S2PDV" failures="0" tests="5" name="Add new address" time="68.165" errors="0" timestamp="2021-02-04T12:10:30 IST">
  <testcase classname="com.shopping.qa.testcases.CheckoutPageTest" name="goToCheckout" time="19.502"/>
  <testcase classname="com.shopping.qa.testcases.CheckoutPageTest" name="doPayment" time="7.07"/>
  <testcase classname="com.shopping.qa.testcases.CheckoutPageTest" name="goToHome" time="1.901"/>
  <testcase classname="com.shopping.qa.testcases.CheckoutPageTest" name="navigateToOrderHistory" time="2.286"/>
  <testcase classname="com.shopping.qa.testcases.CheckoutPageTest" name="signOut" time="2.922"/>
</testsuite> <!-- Add new address -->
