<?xml version="1.0" encoding="UTF-8"?>
<!-- Generated by org.testng.reporters.JUnitXMLReporter -->
<testsuite ignored="0" hostname="LAPTOP-2G0S2PDV" failures="0" tests="2" name="E2E Flow3" time="67.293" errors="0" timestamp="05 Feb 2021 10:26:50 GMT">
  <testcase classname="com.shopping.qa.testcases.DressCategoryPageTest" name="addProduct" time="22.394"/>
  <testcase classname="com.shopping.qa.testcases.DressCategoryPageTest" name="checkoutProcess" time="23.11"/>
</testsuite> <!-- E2E Flow3 -->
