<?xml version="1.0" encoding="UTF-8"?>
<!-- Generated by org.testng.reporters.JUnitXMLReporter -->
<testsuite ignored="0" hostname="LAPTOP-2G0S2PDV" failures="0" tests="2" name="E2E Flow3" time="61.326" errors="0" timestamp="05 Feb 2021 07:13:57 GMT">
  <testcase classname="com.shopping.qa.testcases.DressCategoryPageTest" name="addProduct" time="23.092"/>
  <testcase classname="com.shopping.qa.testcases.DressCategoryPageTest" name="checkoutProcess" time="19.835"/>
</testsuite> <!-- E2E Flow3 -->
