<?xml version="1.0" encoding="UTF-8"?>
<!-- Generated by org.testng.reporters.JUnitXMLReporter -->
<testsuite ignored="0" hostname="LAPTOP-2G0S2PDV" failures="0" tests="3" name="Login Into Application" time="18.063" errors="0" timestamp="2021-02-03T15:34:00 IST">
  <testcase classname="com.shopping.qa.testcases.LoginPageTest" name="goToSignInPage" time="7.72"/>
  <testcase classname="com.shopping.qa.testcases.LoginPageTest" name="login" time="1.963"/>
  <testcase classname="com.shopping.qa.testcases.LoginPageTest" name="pageTitle" time="0.011"/>
</testsuite> <!-- Login Into Application -->
