<?xml version="1.0" encoding="UTF-8"?>
<!-- Generated by org.testng.reporters.JUnitXMLReporter -->
<testsuite ignored="0" hostname="LAPTOP-2G0S2PDV" failures="0" tests="2" name="Navigate to HomePage" time="19.298" errors="0" timestamp="2021-02-03T15:34:19 IST">
  <testcase classname="com.shopping.qa.testcases.HomePageTest" name="navigateToMyAddress" time="1.123"/>
  <testcase classname="com.shopping.qa.testcases.HomePageTest" name="validatePageTitle" time="0.011"/>
</testsuite> <!-- Navigate to HomePage -->
