<?xml version="1.0" encoding="UTF-8"?>
<testng-results ignored="0" total="4" passed="4" failed="0" skipped="0">
  <reporter-output>
  </reporter-output>
  <suite started-at="2021-02-05T07:12:18Z" name="Online Shopping Scenario" finished-at="2021-02-05T07:13:57Z" duration-ms="98931">
    <groups>
    </groups>
    <test started-at="2021-02-05T07:12:18Z" name="E2E Flow" finished-at="2021-02-05T07:12:32Z" duration-ms="14262">
      <class name="com.shopping.qa.testcases.LoginPageTest">
        <test-method is-config="true" signature="setup()[pri:0, instance:com.shopping.qa.testcases.LoginPageTest@71e693fa]" started-at="2021-02-05T07:12:18Z" name="setup" finished-at="2021-02-05T07:12:30Z" duration-ms="12040" status="PASS">
          <reporter-output>
          </reporter-output>
        </test-method> <!-- setup -->
        <test-method signature="loginTest()[pri:0, instance:com.shopping.qa.testcases.LoginPageTest@71e693fa]" started-at="2021-02-05T07:12:30Z" name="loginTest" description="Verifies Login feature" finished-at="2021-02-05T07:12:32Z" duration-ms="2106" status="PASS">
          <reporter-output>
          </reporter-output>
        </test-method> <!-- loginTest -->
        <test-method is-config="true" signature="tearDown()[pri:0, instance:com.shopping.qa.testcases.LoginPageTest@71e693fa]" started-at="2021-02-05T07:12:32Z" name="tearDown" finished-at="2021-02-05T07:12:32Z" duration-ms="82" status="PASS">
          <reporter-output>
          </reporter-output>
        </test-method> <!-- tearDown -->
      </class> <!-- com.shopping.qa.testcases.LoginPageTest -->
    </test> <!-- E2E Flow -->
    <test started-at="2021-02-05T07:12:32Z" name="E2E Flow2" finished-at="2021-02-05T07:12:56Z" duration-ms="23306">
      <class name="com.shopping.qa.testcases.MyAddressesPageTest">
        <test-method is-config="true" signature="setup()[pri:0, instance:com.shopping.qa.testcases.MyAddressesPageTest@41ab013]" started-at="2021-02-05T07:12:32Z" name="setup" finished-at="2021-02-05T07:12:50Z" duration-ms="17827" status="PASS">
          <reporter-output>
          </reporter-output>
        </test-method> <!-- setup -->
        <test-method signature="addNewAddressTest(java.lang.String, java.lang.String, java.lang.String, java.lang.String, java.lang.String, java.lang.String, java.lang.String, java.lang.String, java.lang.String, java.lang.String, java.lang.String, java.lang.String, java.lang.String)[pri:1, instance:com.shopping.qa.testcases.MyAddressesPageTest@41ab013]" started-at="2021-02-05T07:12:51Z" name="addNewAddressTest" data-provider="AddressDataProvider" finished-at="2021-02-05T07:12:56Z" duration-ms="4799" status="PASS">
          <params>
            <param index="0">
              <value>
                <![CDATA[Sagar]]>
              </value>
            </param>
            <param index="1">
              <value>
                <![CDATA[Sarode]]>
              </value>
            </param>
            <param index="2">
              <value>
                <![CDATA[FIS]]>
              </value>
            </param>
            <param index="3">
              <value>
                <![CDATA[Pune]]>
              </value>
            </param>
            <param index="4">
              <value>
                <![CDATA[Maharashtra]]>
              </value>
            </param>
            <param index="5">
              <value>
                <![CDATA[Mumbai]]>
              </value>
            </param>
            <param index="6">
              <value>
                <![CDATA[Alaska]]>
              </value>
            </param>
            <param index="7">
              <value>
                <![CDATA[40010]]>
              </value>
            </param>
            <param index="8">
              <value>
                <![CDATA[United States]]>
              </value>
            </param>
            <param index="9">
              <value>
                <![CDATA[7045465461]]>
              </value>
            </param>
            <param index="10">
              <value>
                <![CDATA[7045465461]]>
              </value>
            </param>
            <param index="11">
              <value>
                <![CDATA[Landmark]]>
              </value>
            </param>
            <param index="12">
              <value>
                <![CDATA[Home Address]]>
              </value>
            </param>
          </params>
          <reporter-output>
          </reporter-output>
        </test-method> <!-- addNewAddressTest -->
        <test-method is-config="true" signature="tearDown()[pri:0, instance:com.shopping.qa.testcases.MyAddressesPageTest@41ab013]" started-at="2021-02-05T07:12:56Z" name="tearDown" finished-at="2021-02-05T07:12:56Z" duration-ms="83" status="PASS">
          <reporter-output>
          </reporter-output>
        </test-method> <!-- tearDown -->
      </class> <!-- com.shopping.qa.testcases.MyAddressesPageTest -->
    </test> <!-- E2E Flow2 -->
    <test started-at="2021-02-05T07:12:56Z" name="E2E Flow3" finished-at="2021-02-05T07:13:57Z" duration-ms="61326">
      <class name="com.shopping.qa.testcases.DressCategoryPageTest">
        <test-method is-config="true" signature="setup()[pri:0, instance:com.shopping.qa.testcases.DressCategoryPageTest@6f7923a5]" started-at="2021-02-05T07:12:56Z" name="setup" finished-at="2021-02-05T07:13:14Z" duration-ms="18315" status="PASS">
          <reporter-output>
          </reporter-output>
        </test-method> <!-- setup -->
        <test-method signature="addProduct()[pri:0, instance:com.shopping.qa.testcases.DressCategoryPageTest@6f7923a5]" started-at="2021-02-05T07:13:14Z" name="addProduct" finished-at="2021-02-05T07:13:37Z" duration-ms="23092" status="PASS">
          <reporter-output>
          </reporter-output>
        </test-method> <!-- addProduct -->
        <test-method signature="checkoutProcess()[pri:0, instance:com.shopping.qa.testcases.DressCategoryPageTest@6f7923a5]" started-at="2021-02-05T07:13:37Z" name="checkoutProcess" finished-at="2021-02-05T07:13:57Z" duration-ms="19835" status="PASS">
          <reporter-output>
          </reporter-output>
        </test-method> <!-- checkoutProcess -->
        <test-method is-config="true" signature="tearDown()[pri:0, instance:com.shopping.qa.testcases.DressCategoryPageTest@6f7923a5]" started-at="2021-02-05T07:13:57Z" name="tearDown" finished-at="2021-02-05T07:13:57Z" duration-ms="80" status="PASS">
          <reporter-output>
          </reporter-output>
        </test-method> <!-- tearDown -->
      </class> <!-- com.shopping.qa.testcases.DressCategoryPageTest -->
    </test> <!-- E2E Flow3 -->
  </suite> <!-- Online Shopping Scenario -->
</testng-results>
